<?xml version="1.0" encoding="UTF-8"?>
<!-- Generated by org.testng.reporters.JUnitXMLReporter -->
<testsuite hostname="LT049465" ignored="0" name="Regression suite" tests="9" failures="0" timestamp="15 Feb 2018 12:11:29 GMT" time="101.78" errors="0">
  <testcase name="performOrientation" time="1.667" classname="com.test.LoginEbayApp"/>
  <testcase name="loginScreenPage" time="26.601" classname="com.test.LoginEbayApp"/>
  <testcase name="noThanksPage" time="0.196" classname="com.test.LoginEbayApp"/>
  <testcase name="searchProduct" time="20.806" classname="com.test.SearchAndPayment"/>
  <testcase name="buyItNow" time="0.834" classname="com.test.SearchAndPayment"/>
  <testcase name="swipeVertical" time="0.016" classname="com.test.SearchAndPayment"/>
  <testcase name="proceedToPay" time="0.001" classname="com.test.SearchAndPayment"/>
  <testcase name="paymentMethod" time="0.688" classname="com.test.SearchAndPayment"/>
  <testcase name="signout" time="4.525" classname="com.test.Signout"/>
</testsuite> <!-- Regression suite -->
